[   10055ms] [WARNING] [JavaScript Warning: "The resource at “http://localhost:3000/_next/static/media/e4af272ccee01ff0-s.p.woff2” preloaded with link preload was not used within a few seconds. Make sure all attributes of the preload tag are set correctly." {file: "http://localhost:3000/dashboard/kanban" line: 0}] @ http://localhost:3000/dashboard/kanban:0
[   18512ms] TypeError: can't access property "getBoundingClientRect", firstCard.closest(...) is null
    at _promiseAwareJsonValueNoThrow/< (debugger eval code:327:30)
    at async*_promiseAwareJsonValueNoThrow (debugger eval code:329:9)
    at evaluate (debugger eval code:310:33)
    at  (debugger eval code:1:44)
    at evaluateFunction (chrome://juggler/content/content/Runtime.js:404:60)
    at callFunction (chrome://juggler/content/content/Runtime.js:103:41)
    at _onMessageInternal (chrome://juggler/content/SimpleChannel.js:237:37)
    at _onMessage (chrome://juggler/content/SimpleChannel.js:194:12)
    at bindToActor/actor.receiveMessage (chrome://juggler/content/SimpleChannel.js:39:44)
[   24519ms] TypeError: can't access property "getBoundingClientRect", firstCard is undefined
    at _promiseAwareJsonValueNoThrow/< (debugger eval code:327:30)
    at async*_promiseAwareJsonValueNoThrow (debugger eval code:329:9)
    at evaluate (debugger eval code:310:33)
    at  (debugger eval code:1:44)
    at evaluateFunction (chrome://juggler/content/content/Runtime.js:404:60)
    at callFunction (chrome://juggler/content/content/Runtime.js:103:41)
    at _onMessageInternal (chrome://juggler/content/SimpleChannel.js:237:37)
    at _onMessage (chrome://juggler/content/SimpleChannel.js:194:12)
    at bindToActor/actor.receiveMessage (chrome://juggler/content/SimpleChannel.js:39:44)
