[    7318ms] [ERROR] ./src/components/charts/RevenueChart.tsx
Error: 
  x Unexpected token `motion`. Expected jsx identifier
    ,-[/Users/juan/Proyectos/autoforge/dashboard/src/components/charts/RevenueChart.tsx:55:1]
 55 |   const data = revenueData[period];
 56 | 
 57 |   return (
 58 |     <motion.div
    :      ^^^^^^
 59 |       className="card"
 60 |       initial={{ opacity: 0, y: 20 }}
 61 |       animate={{ opacity: 1, y: 0 }}
    `----

Caused by:
    Syntax Error

Import trace for requested module:
./src/components/charts/RevenueChart.tsx
./src/components/charts/index.ts
./src/app/dashboard/page.tsx @ webpack-internal:///(app-pages-browser)/./node_modules/next/dist/client/app-index.js:32
[    7383ms] [ERROR] ./src/components/charts/RevenueChart.tsx
Error: 
  x Unexpected token `motion`. Expected jsx identifier
    ,-[/Users/juan/Proyectos/autoforge/dashboard/src/components/charts/RevenueChart.tsx:55:1]
 55 |   const data = revenueData[period];
 56 | 
 57 |   return (
 58 |     <motion.div
    :      ^^^^^^
 59 |       className="card"
 60 |       initial={{ opacity: 0, y: 20 }}
 61 |       animate={{ opacity: 1, y: 0 }}
    `----

Caused by:
    Syntax Error

Import trace for requested module:
./src/components/charts/RevenueChart.tsx
./src/components/charts/index.ts
./src/app/dashboard/page.tsx @ webpack-internal:///(app-pages-browser)/./node_modules/next/dist/client/app-index.js:32
[   12654ms] [ERROR] ./src/components/charts/RevenueChart.tsx
Error: 
  x Unexpected token `motion`. Expected jsx identifier
    ,-[/Users/juan/Proyectos/autoforge/dashboard/src/components/charts/RevenueChart.tsx:55:1]
 55 |   const data = revenueData[period];
 56 | 
 57 |   return (
 58 |     <motion.div
    :      ^^^^^^
 59 |       className="card"
 60 |       initial={{ opacity: 0, y: 20 }}
 61 |       animate={{ opacity: 1, y: 0 }}
    `----

Caused by:
    Syntax Error

Import trace for requested module:
./src/components/charts/RevenueChart.tsx
./src/components/charts/index.ts
./src/app/dashboard/page.tsx @ webpack-internal:///(app-pages-browser)/./node_modules/next/dist/client/app-index.js:32
[   12715ms] [ERROR] ./src/components/charts/RevenueChart.tsx
Error: 
  x Unexpected token `motion`. Expected jsx identifier
    ,-[/Users/juan/Proyectos/autoforge/dashboard/src/components/charts/RevenueChart.tsx:55:1]
 55 |   const data = revenueData[period];
 56 | 
 57 |   return (
 58 |     <motion.div
    :      ^^^^^^
 59 |       className="card"
 60 |       initial={{ opacity: 0, y: 20 }}
 61 |       animate={{ opacity: 1, y: 0 }}
    `----

Caused by:
    Syntax Error

Import trace for requested module:
./src/components/charts/RevenueChart.tsx
./src/components/charts/index.ts
./src/app/dashboard/page.tsx @ webpack-internal:///(app-pages-browser)/./node_modules/next/dist/client/app-index.js:32
[   16911ms] [ERROR] ./src/components/charts/RevenueChart.tsx
Error: 
  x Unexpected token `motion`. Expected jsx identifier
    ,-[/Users/juan/Proyectos/autoforge/dashboard/src/components/charts/RevenueChart.tsx:55:1]
 55 |   const data = revenueData[period];
 56 | 
 57 |   return (
 58 |     <motion.div
    :      ^^^^^^
 59 |       className="card"
 60 |       initial={{ opacity: 0, y: 20 }}
 61 |       animate={{ opacity: 1, y: 0 }}
    `----

Caused by:
    Syntax Error

Import trace for requested module:
./src/components/charts/RevenueChart.tsx
./src/components/charts/index.ts
./src/app/dashboard/page.tsx @ webpack-internal:///(app-pages-browser)/./node_modules/next/dist/client/app-index.js:32
[   17842ms] [WARNING] [JavaScript Warning: "Loading failed for the <script> with source “http://localhost:3000/_next/static/chunks/app-pages-internals.js”." {file: "http://localhost:3000/login" line: 1}] @ http://localhost:3000/login:1
[   17842ms] [WARNING] [JavaScript Warning: "Loading failed for the <script> with source “http://localhost:3000/_next/static/chunks/app/(auth)/login/page.js”." {file: "http://localhost:3000/login" line: 1}] @ http://localhost:3000/login:1
[   17842ms] [WARNING] [JavaScript Warning: "Loading failed for the <script> with source “http://localhost:3000/_next/static/chunks/app/(auth)/layout.js”." {file: "http://localhost:3000/login" line: 1}] @ http://localhost:3000/login:1
[   17842ms] [WARNING] [JavaScript Warning: "Loading failed for the <script> with source “http://localhost:3000/_next/static/chunks/app/error.js”." {file: "http://localhost:3000/login" line: 1}] @ http://localhost:3000/login:1
[   17843ms] [WARNING] [JavaScript Warning: "Loading failed for the <script> with source “http://localhost:3000/_next/static/chunks/app/not-found.js”." {file: "http://localhost:3000/login" line: 1}] @ http://localhost:3000/login:1
[   17849ms] [WARNING] [JavaScript Warning: "Loading failed for the <script> with source “http://localhost:3000/_next/static/chunks/app/global-error.js”." {file: "http://localhost:3000/login" line: 1}] @ http://localhost:3000/login:1
[   17858ms] [WARNING] [JavaScript Warning: "Loading failed for the <script> with source “http://localhost:3000/_next/static/chunks/main-app.js?v=1770796495711”." {file: "http://localhost:3000/login" line: 1}] @ http://localhost:3000/login:1
[   28300ms] [WARNING] [JavaScript Warning: "The resource at “http://localhost:3000/_next/static/media/e4af272ccee01ff0-s.p.woff2” preloaded with link preload was not used within a few seconds. Make sure all attributes of the preload tag are set correctly." {file: "http://localhost:3000/login" line: 0}] @ http://localhost:3000/login:0
