[      91ms] [WARNING] [JavaScript Warning: "Loading failed for the <script> with source “http://localhost:3000/_next/static/chunks/main-app.js?v=1770801184845”." {file: "http://localhost:3000/login" line: 1}] @ http://localhost:3000/login:1
[      92ms] [WARNING] [JavaScript Warning: "Loading failed for the <script> with source “http://localhost:3000/_next/static/chunks/app-pages-internals.js”." {file: "http://localhost:3000/login" line: 1}] @ http://localhost:3000/login:1
[      92ms] [WARNING] [JavaScript Warning: "Loading failed for the <script> with source “http://localhost:3000/_next/static/chunks/app/(auth)/login/page.js”." {file: "http://localhost:3000/login" line: 1}] @ http://localhost:3000/login:1
[      92ms] [WARNING] [JavaScript Warning: "Loading failed for the <script> with source “http://localhost:3000/_next/static/chunks/app/(auth)/layout.js”." {file: "http://localhost:3000/login" line: 1}] @ http://localhost:3000/login:1
[     100ms] [WARNING] [JavaScript Warning: "Loading failed for the <script> with source “http://localhost:3000/_next/static/chunks/app/global-error.js”." {file: "http://localhost:3000/login" line: 1}] @ http://localhost:3000/login:1
[     101ms] [WARNING] [JavaScript Warning: "Loading failed for the <script> with source “http://localhost:3000/_next/static/chunks/app/layout.js”." {file: "http://localhost:3000/login" line: 1}] @ http://localhost:3000/login:1
[     101ms] [WARNING] [JavaScript Warning: "Loading failed for the <script> with source “http://localhost:3000/_next/static/chunks/app/error.js”." {file: "http://localhost:3000/login" line: 1}] @ http://localhost:3000/login:1
[     102ms] [WARNING] [JavaScript Warning: "Loading failed for the <script> with source “http://localhost:3000/_next/static/chunks/app/not-found.js”." {file: "http://localhost:3000/login" line: 1}] @ http://localhost:3000/login:1
[   10061ms] [WARNING] [JavaScript Warning: "The resource at “http://localhost:3000/_next/static/media/e4af272ccee01ff0-s.p.woff2” preloaded with link preload was not used within a few seconds. Make sure all attributes of the preload tag are set correctly." {file: "http://localhost:3000/login" line: 0}] @ http://localhost:3000/login:0
[   60619ms] [ERROR] ./src/app/globals.css:65:5
Syntax error: /Users/juan/Proyectos/autoforge/dashboard/src/app/globals.css The `hover:bg-danger-700` class does not exist. If `hover:bg-danger-700` is a custom class, make sure it is defined within a `@layer` directive.

  63 | 
  64 |   .btn-danger {
> 65 |     @apply bg-danger-600 hover:bg-danger-700 text-white font-medium rounded-lg px-4 py-2 transition-colors duration-200;
     |     ^
  66 |   }
  67 | @ webpack-internal:///(app-pages-browser)/./node_modules/next/dist/client/app-index.js:32
[   60620ms] [ERROR] ./src/app/globals.css
Syntax error: /Users/juan/Proyectos/autoforge/dashboard/src/app/globals.css The `hover:bg-danger-700` class does not exist. If `hover:bg-danger-700` is a custom class, make sure it is defined within a `@layer` directive. (65:5)

  63 | 
  64 |   .btn-danger {
> 65 |     @apply bg-danger-600 hover:bg-danger-700 text-white font-medium rounded-lg px-4 py-2 transition-colors duration-200;
     |     ^
  66 |   }
  67 | 
-- inner error --
Syntax error: /Users/juan/Proyectos/autoforge/dashboard/src/app/globals.css The `hover:bg-danger-700` class does not exist. If `hover:bg-danger-700` is a custom class, make sure it is defined within a `@layer` directive. (65:5)

  63 | 
  64 |   .btn-danger {
> 65 |     @apply bg-danger-600 hover:bg-danger-700 text-white font-medium rounded-lg px-4 py-2 transition-colors duration-200;
     |     ^
  66 |   }
  67 | 
Generated code for /Users/juan/Proyectos/autoforge/dashboard/node_modules/next/dist/build/webpack/loaders/css-loader/src/index.js??ruleSet[1].rules[14].oneOf[12].use[2]!/Users/juan/Proyectos/autoforge/dashboard/node_modules/next/dist/build/webpack/loaders/postcss-loader/src/index.js??ruleSet[1].rules[14].oneOf[12].use[3]!/Users/juan/Proyectos/autoforge/dashboard/src/app/globals.css

Import trace for requested module:
./src/app/globals.css @ webpack-internal:///(app-pages-browser)/./node_modules/next/dist/client/app-index.js:32
[   62076ms] [ERROR] ./src/app/globals.css:65:5
Syntax error: /Users/juan/Proyectos/autoforge/dashboard/src/app/globals.css The `hover:bg-danger-700` class does not exist. If `hover:bg-danger-700` is a custom class, make sure it is defined within a `@layer` directive.

  63 | 
  64 |   .btn-danger {
> 65 |     @apply bg-danger-600 hover:bg-danger-700 text-white font-medium rounded-lg px-4 py-2 transition-colors duration-200;
     |     ^
  66 |   }
  67 | @ webpack-internal:///(app-pages-browser)/./node_modules/next/dist/client/app-index.js:32
[   62076ms] [ERROR] ./src/app/globals.css
Syntax error: /Users/juan/Proyectos/autoforge/dashboard/src/app/globals.css The `hover:bg-danger-700` class does not exist. If `hover:bg-danger-700` is a custom class, make sure it is defined within a `@layer` directive. (65:5)

  63 | 
  64 |   .btn-danger {
> 65 |     @apply bg-danger-600 hover:bg-danger-700 text-white font-medium rounded-lg px-4 py-2 transition-colors duration-200;
     |     ^
  66 |   }
  67 | 
-- inner error --
Syntax error: /Users/juan/Proyectos/autoforge/dashboard/src/app/globals.css The `hover:bg-danger-700` class does not exist. If `hover:bg-danger-700` is a custom class, make sure it is defined within a `@layer` directive. (65:5)

  63 | 
  64 |   .btn-danger {
> 65 |     @apply bg-danger-600 hover:bg-danger-700 text-white font-medium rounded-lg px-4 py-2 transition-colors duration-200;
     |     ^
  66 |   }
  67 | 
Generated code for /Users/juan/Proyectos/autoforge/dashboard/node_modules/next/dist/build/webpack/loaders/css-loader/src/index.js??ruleSet[1].rules[14].oneOf[12].use[2]!/Users/juan/Proyectos/autoforge/dashboard/node_modules/next/dist/build/webpack/loaders/postcss-loader/src/index.js??ruleSet[1].rules[14].oneOf[12].use[3]!/Users/juan/Proyectos/autoforge/dashboard/src/app/globals.css

Import trace for requested module:
./src/app/globals.css @ webpack-internal:///(app-pages-browser)/./node_modules/next/dist/client/app-index.js:32
[   62440ms] [ERROR] ./src/app/globals.css:65:5
Syntax error: /Users/juan/Proyectos/autoforge/dashboard/src/app/globals.css The `hover:bg-danger-700` class does not exist. If `hover:bg-danger-700` is a custom class, make sure it is defined within a `@layer` directive.

  63 | 
  64 |   .btn-danger {
> 65 |     @apply bg-danger-600 hover:bg-danger-700 text-white font-medium rounded-lg px-4 py-2 transition-colors duration-200;
     |     ^
  66 |   }
  67 | @ webpack-internal:///./node_modules/next/dist/client/components/react-dev-overlay/internal/helpers/hydration-error-info.js:62
[   62440ms] [ERROR] ./src/app/globals.css
Syntax error: /Users/juan/Proyectos/autoforge/dashboard/src/app/globals.css The `hover:bg-danger-700` class does not exist. If `hover:bg-danger-700` is a custom class, make sure it is defined within a `@layer` directive. (65:5)

  63 | 
  64 |   .btn-danger {
> 65 |     @apply bg-danger-600 hover:bg-danger-700 text-white font-medium rounded-lg px-4 py-2 transition-colors duration-200;
     |     ^
  66 |   }
  67 | 
-- inner error --
Syntax error: /Users/juan/Proyectos/autoforge/dashboard/src/app/globals.css The `hover:bg-danger-700` class does not exist. If `hover:bg-danger-700` is a custom class, make sure it is defined within a `@layer` directive. (65:5)

  63 | 
  64 |   .btn-danger {
> 65 |     @apply bg-danger-600 hover:bg-danger-700 text-white font-medium rounded-lg px-4 py-2 transition-colors duration-200;
     |     ^
  66 |   }
  67 | 
Generated code for /Users/juan/Proyectos/autoforge/dashboard/node_modules/next/dist/build/webpack/loaders/css-loader/src/index.js??ruleSet[1].rules[14].oneOf[12].use[2]!/Users/juan/Proyectos/autoforge/dashboard/node_modules/next/dist/build/webpack/loaders/postcss-loader/src/index.js??ruleSet[1].rules[14].oneOf[12].use[3]!/Users/juan/Proyectos/autoforge/dashboard/src/app/globals.css @ webpack-internal:///./node_modules/next/dist/client/components/react-dev-overlay/internal/helpers/hydration-error-info.js:62
[   62440ms] [ERROR] ./src/app/globals.css:65:5
Syntax error: /Users/juan/Proyectos/autoforge/dashboard/src/app/globals.css The `hover:bg-danger-700` class does not exist. If `hover:bg-danger-700` is a custom class, make sure it is defined within a `@layer` directive.

  63 | 
  64 |   .btn-danger {
> 65 |     @apply bg-danger-600 hover:bg-danger-700 text-white font-medium rounded-lg px-4 py-2 transition-colors duration-200;
     |     ^
  66 |   }
  67 | @ webpack-internal:///./node_modules/next/dist/client/components/react-dev-overlay/internal/helpers/hydration-error-info.js:62
[   62440ms] [ERROR] ./src/app/globals.css
Syntax error: /Users/juan/Proyectos/autoforge/dashboard/src/app/globals.css The `hover:bg-danger-700` class does not exist. If `hover:bg-danger-700` is a custom class, make sure it is defined within a `@layer` directive. (65:5)

  63 | 
  64 |   .btn-danger {
> 65 |     @apply bg-danger-600 hover:bg-danger-700 text-white font-medium rounded-lg px-4 py-2 transition-colors duration-200;
     |     ^
  66 |   }
  67 | 
-- inner error --
Syntax error: /Users/juan/Proyectos/autoforge/dashboard/src/app/globals.css The `hover:bg-danger-700` class does not exist. If `hover:bg-danger-700` is a custom class, make sure it is defined within a `@layer` directive. (65:5)

  63 | 
  64 |   .btn-danger {
> 65 |     @apply bg-danger-600 hover:bg-danger-700 text-white font-medium rounded-lg px-4 py-2 transition-colors duration-200;
     |     ^
  66 |   }
  67 | 
Generated code for /Users/juan/Proyectos/autoforge/dashboard/node_modules/next/dist/build/webpack/loaders/css-loader/src/index.js??ruleSet[1].rules[14].oneOf[12].use[2]!/Users/juan/Proyectos/autoforge/dashboard/node_modules/next/dist/build/webpack/loaders/postcss-loader/src/index.js??ruleSet[1].rules[14].oneOf[12].use[3]!/Users/juan/Proyectos/autoforge/dashboard/src/app/globals.css @ webpack-internal:///./node_modules/next/dist/client/components/react-dev-overlay/internal/helpers/hydration-error-info.js:62
[   62441ms] Error: Syntax error: /Users/juan/Proyectos/autoforge/dashboard/src/app/globals.css The `hover:bg-danger-700` class does not exist. If `hover:bg-danger-700` is a custom class, make sure it is defined within a `@layer` directive.

  63 | 
  64 |   .btn-danger {
> 65 |     @apply bg-danger-600 hover:bg-danger-700 text-white font-medium rounded-lg px-4 py-2 transition-colors duration-200;
     |     ^
  66 |   }
  67 | 

    at getServerError (webpack-internal:///./node_modules/next/dist/client/components/react-dev-overlay/internal/helpers/nodeStackFrames.js:38:15)
    at hydrate/< (webpack-internal:///./node_modules/next/dist/client/index.js:627:27)
    at setTimeout handler*hydrate (webpack-internal:///./node_modules/next/dist/client/index.js:615:27)
    at async*pageBootrap (webpack-internal:///./node_modules/next/dist/client/page-bootstrap.js:27:26)
    at  (webpack-internal:///./node_modules/next/dist/client/next-dev.js:25:43)
    at promise callback* (webpack-internal:///./node_modules/next/dist/client/next-dev.js:23:4)
    at ./node_modules/next/dist/client/next-dev.js (http://localhost:3000/_next/static/chunks/fallback/main.js:820:1)
    at options.factory (http://localhost:3000/_next/static/chunks/fallback/webpack.js:647:31)
    at __webpack_require__ (http://localhost:3000/_next/static/chunks/fallback/webpack.js:37:33)
    at __webpack_exec__ (http://localhost:3000/_next/static/chunks/fallback/main.js:1975:61)
    at  (http://localhost:3000/_next/static/chunks/fallback/main.js:1976:53)
    at webpackJsonpCallback (http://localhost:3000/_next/static/chunks/fallback/webpack.js:1195:46)
    at  (http://localhost:3000/_next/static/chunks/fallback/main.js:9:61)
[   73537ms] [ERROR] ./src/app/globals.css:65:5
Syntax error: /Users/juan/Proyectos/autoforge/dashboard/src/app/globals.css The `hover:bg-danger-700` class does not exist. If `hover:bg-danger-700` is a custom class, make sure it is defined within a `@layer` directive.

  63 | 
  64 |   .btn-danger {
> 65 |     @apply bg-danger-600 hover:bg-danger-700 text-white font-medium rounded-lg px-4 py-2 transition-colors duration-200;
     |     ^
  66 |   }
  67 | @ webpack-internal:///./node_modules/next/dist/client/components/react-dev-overlay/internal/helpers/hydration-error-info.js:62
[   73538ms] [ERROR] ./src/app/globals.css
Syntax error: /Users/juan/Proyectos/autoforge/dashboard/src/app/globals.css The `hover:bg-danger-700` class does not exist. If `hover:bg-danger-700` is a custom class, make sure it is defined within a `@layer` directive. (65:5)

  63 | 
  64 |   .btn-danger {
> 65 |     @apply bg-danger-600 hover:bg-danger-700 text-white font-medium rounded-lg px-4 py-2 transition-colors duration-200;
     |     ^
  66 |   }
  67 | 
-- inner error --
Syntax error: /Users/juan/Proyectos/autoforge/dashboard/src/app/globals.css The `hover:bg-danger-700` class does not exist. If `hover:bg-danger-700` is a custom class, make sure it is defined within a `@layer` directive. (65:5)

  63 | 
  64 |   .btn-danger {
> 65 |     @apply bg-danger-600 hover:bg-danger-700 text-white font-medium rounded-lg px-4 py-2 transition-colors duration-200;
     |     ^
  66 |   }
  67 | 
Generated code for /Users/juan/Proyectos/autoforge/dashboard/node_modules/next/dist/build/webpack/loaders/css-loader/src/index.js??ruleSet[1].rules[14].oneOf[12].use[2]!/Users/juan/Proyectos/autoforge/dashboard/node_modules/next/dist/build/webpack/loaders/postcss-loader/src/index.js??ruleSet[1].rules[14].oneOf[12].use[3]!/Users/juan/Proyectos/autoforge/dashboard/src/app/globals.css

Import trace for requested module:
./src/app/globals.css @ webpack-internal:///./node_modules/next/dist/client/components/react-dev-overlay/internal/helpers/hydration-error-info.js:62
[   81599ms] [ERROR] ./src/app/globals.css:65:5
Syntax error: /Users/juan/Proyectos/autoforge/dashboard/src/app/globals.css The `hover:bg-danger-700` class does not exist. If `hover:bg-danger-700` is a custom class, make sure it is defined within a `@layer` directive.

  63 | 
  64 |   .btn-danger {
> 65 |     @apply bg-danger-600 hover:bg-danger-700 text-white font-medium rounded-lg px-4 py-2 transition-colors duration-200;
     |     ^
  66 |   }
  67 | @ webpack-internal:///./node_modules/next/dist/client/components/react-dev-overlay/internal/helpers/hydration-error-info.js:62
[   81601ms] [ERROR] ./src/app/globals.css
Syntax error: /Users/juan/Proyectos/autoforge/dashboard/src/app/globals.css The `hover:bg-danger-700` class does not exist. If `hover:bg-danger-700` is a custom class, make sure it is defined within a `@layer` directive. (65:5)

  63 | 
  64 |   .btn-danger {
> 65 |     @apply bg-danger-600 hover:bg-danger-700 text-white font-medium rounded-lg px-4 py-2 transition-colors duration-200;
     |     ^
  66 |   }
  67 | 
-- inner error --
Syntax error: /Users/juan/Proyectos/autoforge/dashboard/src/app/globals.css The `hover:bg-danger-700` class does not exist. If `hover:bg-danger-700` is a custom class, make sure it is defined within a `@layer` directive. (65:5)

  63 | 
  64 |   .btn-danger {
> 65 |     @apply bg-danger-600 hover:bg-danger-700 text-white font-medium rounded-lg px-4 py-2 transition-colors duration-200;
     |     ^
  66 |   }
  67 | 
Generated code for /Users/juan/Proyectos/autoforge/dashboard/node_modules/next/dist/build/webpack/loaders/css-loader/src/index.js??ruleSet[1].rules[14].oneOf[12].use[2]!/Users/juan/Proyectos/autoforge/dashboard/node_modules/next/dist/build/webpack/loaders/postcss-loader/src/index.js??ruleSet[1].rules[14].oneOf[12].use[3]!/Users/juan/Proyectos/autoforge/dashboard/src/app/globals.css

Import trace for requested module:
./src/app/globals.css @ webpack-internal:///./node_modules/next/dist/client/components/react-dev-overlay/internal/helpers/hydration-error-info.js:62
