[   10071ms] [WARNING] [JavaScript Warning: "The resource at “http://localhost:3000/_next/static/media/e4af272ccee01ff0-s.p.woff2” preloaded with link preload was not used within a few seconds. Make sure all attributes of the preload tag are set correctly." {file: "http://localhost:3000/dashboard/kanban" line: 0}] @ http://localhost:3000/dashboard/kanban:0
[  107896ms] uncaught exception: Object

[  113802ms] Error: Cannot find module './368.js'
Require stack:
- /Users/juan/Proyectos/autoforge/dashboard/.next/server/webpack-runtime.js
- /Users/juan/Proyectos/autoforge/dashboard/.next/server/pages/_document.js
- /Users/juan/Proyectos/autoforge/dashboard/node_modules/next/dist/server/require.js
- /Users/juan/Proyectos/autoforge/dashboard/node_modules/next/dist/server/load-components.js
- /Users/juan/Proyectos/autoforge/dashboard/node_modules/next/dist/build/utils.js
- /Users/juan/Proyectos/autoforge/dashboard/node_modules/next/dist/server/dev/hot-middleware.js
- /Users/juan/Proyectos/autoforge/dashboard/node_modules/next/dist/server/dev/hot-reloader-webpack.js
- /Users/juan/Proyectos/autoforge/dashboard/node_modules/next/dist/server/lib/router-utils/setup-dev-bundler.js
- /Users/juan/Proyectos/autoforge/dashboard/node_modules/next/dist/server/lib/router-server.js
- /Users/juan/Proyectos/autoforge/dashboard/node_modules/next/dist/server/lib/start-server.js
    at getServerError (webpack-internal:///./node_modules/next/dist/client/components/react-dev-overlay/internal/helpers/nodeStackFrames.js:38:15)
    at hydrate/< (webpack-internal:///./node_modules/next/dist/client/index.js:627:27)
    at setTimeout handler*hydrate (webpack-internal:///./node_modules/next/dist/client/index.js:615:27)
    at async*pageBootrap (webpack-internal:///./node_modules/next/dist/client/page-bootstrap.js:27:26)
    at  (webpack-internal:///./node_modules/next/dist/client/next-dev.js:25:43)
    at promise callback* (webpack-internal:///./node_modules/next/dist/client/next-dev.js:23:4)
    at ./node_modules/next/dist/client/next-dev.js (http://localhost:3000/_next/static/chunks/main.js:820:1)
    at options.factory (http://localhost:3000/_next/static/chunks/webpack.js:715:31)
    at __webpack_require__ (http://localhost:3000/_next/static/chunks/webpack.js:37:33)
    at __webpack_exec__ (http://localhost:3000/_next/static/chunks/main.js:1975:61)
    at  (http://localhost:3000/_next/static/chunks/main.js:1976:53)
    at webpackJsonpCallback (http://localhost:3000/_next/static/chunks/webpack.js:1387:46)
    at  (http://localhost:3000/_next/static/chunks/main.js:9:61)
[  116138ms] [WARNING] [Fast Refresh] performing full reload because your application had an unrecoverable error @ webpack-internal:///./node_modules/next/dist/client/components/react-dev-overlay/pages/hot-reloader-client.js:349
[  117420ms] [WARNING] [JavaScript Warning: "Loading failed for the <script> with source “http://localhost:3000/_next/static/chunks/main-app.js?v=1770795752613”." {file: "http://localhost:3000/dashboard/kanban" line: 1}] @ http://localhost:3000/dashboard/kanban:1
[  117421ms] [WARNING] [JavaScript Warning: "Loading failed for the <script> with source “http://localhost:3000/_next/static/chunks/app/dashboard/layout.js”." {file: "http://localhost:3000/dashboard/kanban" line: 1}] @ http://localhost:3000/dashboard/kanban:1
[  117421ms] [WARNING] [JavaScript Warning: "Loading failed for the <script> with source “http://localhost:3000/_next/static/chunks/app-pages-internals.js”." {file: "http://localhost:3000/dashboard/kanban" line: 1}] @ http://localhost:3000/dashboard/kanban:1
[  117609ms] [WARNING] [JavaScript Warning: "Loading failed for the <script> with source “http://localhost:3000/_next/static/chunks/app/error.js”." {file: "http://localhost:3000/dashboard/kanban" line: 1}] @ http://localhost:3000/dashboard/kanban:1
[  117615ms] [WARNING] [JavaScript Warning: "Loading failed for the <script> with source “http://localhost:3000/_next/static/chunks/app/not-found.js”." {file: "http://localhost:3000/dashboard/kanban" line: 1}] @ http://localhost:3000/dashboard/kanban:1
[  126321ms] [WARNING] [JavaScript Warning: "The resource at “http://localhost:3000/_next/static/media/e4af272ccee01ff0-s.p.woff2” preloaded with link preload was not used within a few seconds. Make sure all attributes of the preload tag are set correctly." {file: "http://localhost:3000/dashboard/kanban" line: 0}] @ http://localhost:3000/dashboard/kanban:0
