[   92636ms] [WARNING] [Fast Refresh] performing full reload

Fast Refresh will perform a full reload when you edit a file that's imported by modules outside of the React rendering tree.
You might have a file which exports a React component but also exports a value that is imported by a non-React component file.
Consider migrating the non-React component export to a separate file and importing it into both files.

It is also possible the parent component of the component you edited is a class component, which disables Fast Refresh.
Fast Refresh requires at least one parent function component in your React tree. @ webpack-internal:///(app-pages-browser)/./node_modules/next/dist/client/components/react-dev-overlay/app/hot-reloader-client.js:112
[   92640ms] [ERROR] Failed to fetch RSC payload for http://localhost:3000/dashboard/products. Falling back to browser navigation. Error @ webpack-internal:///(app-pages-browser)/./node_modules/next/dist/client/app-index.js:32
[   92846ms] [ERROR] The above error occurred in the <ServerRoot> component:

ServerRoot@webpack-internal:///(app-pages-browser)/./node_modules/next/dist/client/app-index.js:112:27
Root@webpack-internal:///(app-pages-browser)/./node_modules/next/dist/client/app-index.js:117:24
ReactDevOverlay@webpack-internal:///(app-pages-browser)/./node_modules/next/dist/client/components/react-dev-overlay/app/ReactDevOverlay.js:87:9

React will try to recreate this component tree from scratch using the error boundary you provided, ReactDevOverlay. @ webpack-internal:///(app-pages-browser)/./node_modules/next/dist/client/app-index.js:32
[   92860ms] ReferenceError: products is not defined
    at  (webpack-internal:///(app-pages-browser)/./src/app/dashboard/products/page.tsx:42:39)
    at (app-pages-browser)/./src/app/dashboard/products/page.tsx (http://localhost:3000/_next/static/chunks/app/dashboard/products/page.js:138:1)
    at options.factory (http://localhost:3000/_next/static/chunks/webpack.js:715:31)
    at __webpack_require__ (http://localhost:3000/_next/static/chunks/webpack.js:37:33)
    at fn (http://localhost:3000/_next/static/chunks/webpack.js:371:21)
    at requireAsyncModule (webpack-internal:///(app-pages-browser)/./node_modules/next/dist/compiled/react-server-dom-webpack/cjs/react-server-dom-webpack-client.browser.development.js:134:36)
    at preloadModule/< (webpack-internal:///(app-pages-browser)/./node_modules/next/dist/compiled/react-server-dom-webpack/cjs/react-server-dom-webpack-client.browser.development.js:189:16)
    at promise callback*preloadModule (webpack-internal:///(app-pages-browser)/./node_modules/next/dist/compiled/react-server-dom-webpack/cjs/react-server-dom-webpack-client.browser.development.js:188:36)
    at resolveModule (webpack-internal:///(app-pages-browser)/./node_modules/next/dist/compiled/react-server-dom-webpack/cjs/react-server-dom-webpack-client.browser.development.js:1819:30)
    at processFullRow (webpack-internal:///(app-pages-browser)/./node_modules/next/dist/compiled/react-server-dom-webpack/cjs/react-server-dom-webpack-client.browser.development.js:1908:22)
    at processBinaryChunk (webpack-internal:///(app-pages-browser)/./node_modules/next/dist/compiled/react-server-dom-webpack/cjs/react-server-dom-webpack-client.browser.development.js:2078:21)
    at progress (webpack-internal:///(app-pages-browser)/./node_modules/next/dist/compiled/react-server-dom-webpack/cjs/react-server-dom-webpack-client.browser.development.js:2159:23)
    at promise callback*progress (webpack-internal:///(app-pages-browser)/./node_modules/next/dist/compiled/react-server-dom-webpack/cjs/react-server-dom-webpack-client.browser.development.js:2160:26)
    at promise callback*startReadingFromStream (webpack-internal:///(app-pages-browser)/./node_modules/next/dist/compiled/react-server-dom-webpack/cjs/react-server-dom-webpack-client.browser.development.js:2167:17)
    at createFromReadableStream (webpack-internal:///(app-pages-browser)/./node_modules/next/dist/compiled/react-server-dom-webpack/cjs/react-server-dom-webpack-client.browser.development.js:2172:25)
    at  (webpack-internal:///(app-pages-browser)/./node_modules/next/dist/client/app-index.js:108:69)
    at (app-pages-browser)/./node_modules/next/dist/client/app-index.js (http://localhost:3000/_next/static/chunks/main-app.js:244:1)
    at options.factory (http://localhost:3000/_next/static/chunks/webpack.js:715:31)
    at __webpack_require__ (http://localhost:3000/_next/static/chunks/webpack.js:37:33)
    at fn (http://localhost:3000/_next/static/chunks/webpack.js:371:21)
    at  (webpack-internal:///(app-pages-browser)/./node_modules/next/dist/client/app-next-dev.js:9:44)
    at appBootstrap/< (webpack-internal:///(app-pages-browser)/./node_modules/next/dist/client/app-bootstrap.js:57:9)
    at loadScriptsInSequence (webpack-internal:///(app-pages-browser)/./node_modules/next/dist/client/app-bootstrap.js:23:16)
    at appBootstrap (webpack-internal:///(app-pages-browser)/./node_modules/next/dist/client/app-bootstrap.js:56:26)
    at  (webpack-internal:///(app-pages-browser)/./node_modules/next/dist/client/app-next-dev.js:8:32)
    at (app-pages-browser)/./node_modules/next/dist/client/app-next-dev.js (http://localhost:3000/_next/static/chunks/main-app.js:266:1)
    at options.factory (http://localhost:3000/_next/static/chunks/webpack.js:715:31)
    at __webpack_require__ (http://localhost:3000/_next/static/chunks/webpack.js:37:33)
    at __webpack_exec__ (http://localhost:3000/_next/static/chunks/main-app.js:2007:61)
    at  (http://localhost:3000/_next/static/chunks/main-app.js:2008:154)
    at webpackJsonpCallback (http://localhost:3000/_next/static/chunks/webpack.js:1387:46)
    at  (http://localhost:3000/_next/static/chunks/main-app.js:9:61)
[   92860ms] ReferenceError: products is not defined
    at  (webpack-internal:///(app-pages-browser)/./src/app/dashboard/products/page.tsx:42:39)
    at (app-pages-browser)/./src/app/dashboard/products/page.tsx (http://localhost:3000/_next/static/chunks/app/dashboard/products/page.js:138:1)
    at options.factory (http://localhost:3000/_next/static/chunks/webpack.js:715:31)
    at __webpack_require__ (http://localhost:3000/_next/static/chunks/webpack.js:37:33)
    at fn (http://localhost:3000/_next/static/chunks/webpack.js:371:21)
    at requireAsyncModule (webpack-internal:///(app-pages-browser)/./node_modules/next/dist/compiled/react-server-dom-webpack/cjs/react-server-dom-webpack-client.browser.development.js:134:36)
    at preloadModule/< (webpack-internal:///(app-pages-browser)/./node_modules/next/dist/compiled/react-server-dom-webpack/cjs/react-server-dom-webpack-client.browser.development.js:189:16)
    at promise callback*preloadModule (webpack-internal:///(app-pages-browser)/./node_modules/next/dist/compiled/react-server-dom-webpack/cjs/react-server-dom-webpack-client.browser.development.js:188:36)
    at resolveModule (webpack-internal:///(app-pages-browser)/./node_modules/next/dist/compiled/react-server-dom-webpack/cjs/react-server-dom-webpack-client.browser.development.js:1819:30)
    at processFullRow (webpack-internal:///(app-pages-browser)/./node_modules/next/dist/compiled/react-server-dom-webpack/cjs/react-server-dom-webpack-client.browser.development.js:1908:22)
    at processBinaryChunk (webpack-internal:///(app-pages-browser)/./node_modules/next/dist/compiled/react-server-dom-webpack/cjs/react-server-dom-webpack-client.browser.development.js:2078:21)
    at progress (webpack-internal:///(app-pages-browser)/./node_modules/next/dist/compiled/react-server-dom-webpack/cjs/react-server-dom-webpack-client.browser.development.js:2159:23)
    at promise callback*progress (webpack-internal:///(app-pages-browser)/./node_modules/next/dist/compiled/react-server-dom-webpack/cjs/react-server-dom-webpack-client.browser.development.js:2160:26)
    at promise callback*startReadingFromStream (webpack-internal:///(app-pages-browser)/./node_modules/next/dist/compiled/react-server-dom-webpack/cjs/react-server-dom-webpack-client.browser.development.js:2167:17)
    at createFromReadableStream (webpack-internal:///(app-pages-browser)/./node_modules/next/dist/compiled/react-server-dom-webpack/cjs/react-server-dom-webpack-client.browser.development.js:2172:25)
    at  (webpack-internal:///(app-pages-browser)/./node_modules/next/dist/client/app-index.js:108:69)
    at (app-pages-browser)/./node_modules/next/dist/client/app-index.js (http://localhost:3000/_next/static/chunks/main-app.js:244:1)
    at options.factory (http://localhost:3000/_next/static/chunks/webpack.js:715:31)
    at __webpack_require__ (http://localhost:3000/_next/static/chunks/webpack.js:37:33)
    at fn (http://localhost:3000/_next/static/chunks/webpack.js:371:21)
    at  (webpack-internal:///(app-pages-browser)/./node_modules/next/dist/client/app-next-dev.js:9:44)
    at appBootstrap/< (webpack-internal:///(app-pages-browser)/./node_modules/next/dist/client/app-bootstrap.js:57:9)
    at loadScriptsInSequence (webpack-internal:///(app-pages-browser)/./node_modules/next/dist/client/app-bootstrap.js:23:16)
    at appBootstrap (webpack-internal:///(app-pages-browser)/./node_modules/next/dist/client/app-bootstrap.js:56:26)
    at  (webpack-internal:///(app-pages-browser)/./node_modules/next/dist/client/app-next-dev.js:8:32)
    at (app-pages-browser)/./node_modules/next/dist/client/app-next-dev.js (http://localhost:3000/_next/static/chunks/main-app.js:266:1)
    at options.factory (http://localhost:3000/_next/static/chunks/webpack.js:715:31)
    at __webpack_require__ (http://localhost:3000/_next/static/chunks/webpack.js:37:33)
    at __webpack_exec__ (http://localhost:3000/_next/static/chunks/main-app.js:2007:61)
    at  (http://localhost:3000/_next/static/chunks/main-app.js:2008:154)
    at webpackJsonpCallback (http://localhost:3000/_next/static/chunks/webpack.js:1387:46)
    at  (http://localhost:3000/_next/static/chunks/main-app.js:9:61)
[   92861ms] ReferenceError: products is not defined
    at  (webpack-internal:///(app-pages-browser)/./src/app/dashboard/products/page.tsx:42:39)
    at (app-pages-browser)/./src/app/dashboard/products/page.tsx (http://localhost:3000/_next/static/chunks/app/dashboard/products/page.js:138:1)
    at options.factory (http://localhost:3000/_next/static/chunks/webpack.js:715:31)
    at __webpack_require__ (http://localhost:3000/_next/static/chunks/webpack.js:37:33)
    at fn (http://localhost:3000/_next/static/chunks/webpack.js:371:21)
    at promise callback* (webpack-internal:///(app-pages-browser)/./node_modules/next/dist/build/webpack/loaders/next-flight-client-entry-loader.js?modules=%7B%22request%22%3A%22%2FUsers%2Fjuan%2FProyectos%2Fautoforge%2Fdashboard%2Fsrc%2Fapp%2Fdashboard%2Fproducts%2Fpage.tsx%22%2C%22ids%22%3A%5B%5D%7D&server=false!:1:40)
    at (app-pages-browser)/./node_modules/next/dist/build/webpack/loaders/next-flight-client-entry-loader.js?modules=%7B%22request%22%3A%22%2FUsers%2Fjuan%2FProyectos%2Fautoforge%2Fdashboard%2Fsrc%2Fapp%2Fdashboard%2Fproducts%2Fpage.tsx%22%2C%22ids%22%3A%5B%5D%7D&server=false! (http://localhost:3000/_next/static/chunks/app/dashboard/products/page.js:17:1)
    at options.factory (http://localhost:3000/_next/static/chunks/webpack.js:715:31)
    at __webpack_require__ (http://localhost:3000/_next/static/chunks/webpack.js:37:33)
    at __webpack_exec__ (http://localhost:3000/_next/static/chunks/app/dashboard/products/page.js:177:61)
    at  (http://localhost:3000/_next/static/chunks/app/dashboard/products/page.js:178:69)
    at __webpack_require__.O (http://localhost:3000/_next/static/chunks/webpack.js:86:23)
    at  (http://localhost:3000/_next/static/chunks/app/dashboard/products/page.js:179:56)
    at webpackJsonpCallback (http://localhost:3000/_next/static/chunks/webpack.js:1387:46)
    at  (http://localhost:3000/_next/static/chunks/app/dashboard/products/page.js:9:61)
[   94275ms] [ERROR] The above error occurred in the <ServerRoot> component:

ServerRoot@webpack-internal:///(app-pages-browser)/./node_modules/next/dist/client/app-index.js:112:27
Root@webpack-internal:///(app-pages-browser)/./node_modules/next/dist/client/app-index.js:117:24
ReactDevOverlay@webpack-internal:///(app-pages-browser)/./node_modules/next/dist/client/components/react-dev-overlay/app/ReactDevOverlay.js:87:9

React will try to recreate this component tree from scratch using the error boundary you provided, ReactDevOverlay. @ webpack-internal:///(app-pages-browser)/./node_modules/next/dist/client/app-index.js:32
[   94287ms] ReferenceError: products is not defined
    at  (webpack-internal:///(app-pages-browser)/./src/app/dashboard/products/page.tsx:42:39)
    at (app-pages-browser)/./src/app/dashboard/products/page.tsx (http://localhost:3000/_next/static/chunks/app/dashboard/products/page.js:138:1)
    at options.factory (http://localhost:3000/_next/static/chunks/webpack.js:715:31)
    at __webpack_require__ (http://localhost:3000/_next/static/chunks/webpack.js:37:33)
    at fn (http://localhost:3000/_next/static/chunks/webpack.js:371:21)
    at requireAsyncModule (webpack-internal:///(app-pages-browser)/./node_modules/next/dist/compiled/react-server-dom-webpack/cjs/react-server-dom-webpack-client.browser.development.js:134:36)
    at preloadModule/< (webpack-internal:///(app-pages-browser)/./node_modules/next/dist/compiled/react-server-dom-webpack/cjs/react-server-dom-webpack-client.browser.development.js:189:16)
    at promise callback*preloadModule (webpack-internal:///(app-pages-browser)/./node_modules/next/dist/compiled/react-server-dom-webpack/cjs/react-server-dom-webpack-client.browser.development.js:188:36)
    at resolveModule (webpack-internal:///(app-pages-browser)/./node_modules/next/dist/compiled/react-server-dom-webpack/cjs/react-server-dom-webpack-client.browser.development.js:1819:30)
    at processFullRow (webpack-internal:///(app-pages-browser)/./node_modules/next/dist/compiled/react-server-dom-webpack/cjs/react-server-dom-webpack-client.browser.development.js:1908:22)
    at processBinaryChunk (webpack-internal:///(app-pages-browser)/./node_modules/next/dist/compiled/react-server-dom-webpack/cjs/react-server-dom-webpack-client.browser.development.js:2078:21)
    at progress (webpack-internal:///(app-pages-browser)/./node_modules/next/dist/compiled/react-server-dom-webpack/cjs/react-server-dom-webpack-client.browser.development.js:2159:23)
    at promise callback*progress (webpack-internal:///(app-pages-browser)/./node_modules/next/dist/compiled/react-server-dom-webpack/cjs/react-server-dom-webpack-client.browser.development.js:2160:26)
    at promise callback*startReadingFromStream (webpack-internal:///(app-pages-browser)/./node_modules/next/dist/compiled/react-server-dom-webpack/cjs/react-server-dom-webpack-client.browser.development.js:2167:17)
    at createFromReadableStream (webpack-internal:///(app-pages-browser)/./node_modules/next/dist/compiled/react-server-dom-webpack/cjs/react-server-dom-webpack-client.browser.development.js:2172:25)
    at  (webpack-internal:///(app-pages-browser)/./node_modules/next/dist/client/app-index.js:108:69)
    at (app-pages-browser)/./node_modules/next/dist/client/app-index.js (http://localhost:3000/_next/static/chunks/main-app.js:244:1)
    at options.factory (http://localhost:3000/_next/static/chunks/webpack.js:715:31)
    at __webpack_require__ (http://localhost:3000/_next/static/chunks/webpack.js:37:33)
    at fn (http://localhost:3000/_next/static/chunks/webpack.js:371:21)
    at  (webpack-internal:///(app-pages-browser)/./node_modules/next/dist/client/app-next-dev.js:9:44)
    at appBootstrap/< (webpack-internal:///(app-pages-browser)/./node_modules/next/dist/client/app-bootstrap.js:57:9)
    at loadScriptsInSequence (webpack-internal:///(app-pages-browser)/./node_modules/next/dist/client/app-bootstrap.js:23:16)
    at appBootstrap (webpack-internal:///(app-pages-browser)/./node_modules/next/dist/client/app-bootstrap.js:56:26)
    at  (webpack-internal:///(app-pages-browser)/./node_modules/next/dist/client/app-next-dev.js:8:32)
    at (app-pages-browser)/./node_modules/next/dist/client/app-next-dev.js (http://localhost:3000/_next/static/chunks/main-app.js:266:1)
    at options.factory (http://localhost:3000/_next/static/chunks/webpack.js:715:31)
    at __webpack_require__ (http://localhost:3000/_next/static/chunks/webpack.js:37:33)
    at __webpack_exec__ (http://localhost:3000/_next/static/chunks/main-app.js:2007:61)
    at  (http://localhost:3000/_next/static/chunks/main-app.js:2008:154)
    at webpackJsonpCallback (http://localhost:3000/_next/static/chunks/webpack.js:1387:46)
    at  (http://localhost:3000/_next/static/chunks/main-app.js:9:61)
[   94287ms] ReferenceError: products is not defined
    at  (webpack-internal:///(app-pages-browser)/./src/app/dashboard/products/page.tsx:42:39)
    at (app-pages-browser)/./src/app/dashboard/products/page.tsx (http://localhost:3000/_next/static/chunks/app/dashboard/products/page.js:138:1)
    at options.factory (http://localhost:3000/_next/static/chunks/webpack.js:715:31)
    at __webpack_require__ (http://localhost:3000/_next/static/chunks/webpack.js:37:33)
    at fn (http://localhost:3000/_next/static/chunks/webpack.js:371:21)
    at requireAsyncModule (webpack-internal:///(app-pages-browser)/./node_modules/next/dist/compiled/react-server-dom-webpack/cjs/react-server-dom-webpack-client.browser.development.js:134:36)
    at preloadModule/< (webpack-internal:///(app-pages-browser)/./node_modules/next/dist/compiled/react-server-dom-webpack/cjs/react-server-dom-webpack-client.browser.development.js:189:16)
    at promise callback*preloadModule (webpack-internal:///(app-pages-browser)/./node_modules/next/dist/compiled/react-server-dom-webpack/cjs/react-server-dom-webpack-client.browser.development.js:188:36)
    at resolveModule (webpack-internal:///(app-pages-browser)/./node_modules/next/dist/compiled/react-server-dom-webpack/cjs/react-server-dom-webpack-client.browser.development.js:1819:30)
    at processFullRow (webpack-internal:///(app-pages-browser)/./node_modules/next/dist/compiled/react-server-dom-webpack/cjs/react-server-dom-webpack-client.browser.development.js:1908:22)
    at processBinaryChunk (webpack-internal:///(app-pages-browser)/./node_modules/next/dist/compiled/react-server-dom-webpack/cjs/react-server-dom-webpack-client.browser.development.js:2078:21)
    at progress (webpack-internal:///(app-pages-browser)/./node_modules/next/dist/compiled/react-server-dom-webpack/cjs/react-server-dom-webpack-client.browser.development.js:2159:23)
    at promise callback*progress (webpack-internal:///(app-pages-browser)/./node_modules/next/dist/compiled/react-server-dom-webpack/cjs/react-server-dom-webpack-client.browser.development.js:2160:26)
    at promise callback*startReadingFromStream (webpack-internal:///(app-pages-browser)/./node_modules/next/dist/compiled/react-server-dom-webpack/cjs/react-server-dom-webpack-client.browser.development.js:2167:17)
    at createFromReadableStream (webpack-internal:///(app-pages-browser)/./node_modules/next/dist/compiled/react-server-dom-webpack/cjs/react-server-dom-webpack-client.browser.development.js:2172:25)
    at  (webpack-internal:///(app-pages-browser)/./node_modules/next/dist/client/app-index.js:108:69)
    at (app-pages-browser)/./node_modules/next/dist/client/app-index.js (http://localhost:3000/_next/static/chunks/main-app.js:244:1)
    at options.factory (http://localhost:3000/_next/static/chunks/webpack.js:715:31)
    at __webpack_require__ (http://localhost:3000/_next/static/chunks/webpack.js:37:33)
    at fn (http://localhost:3000/_next/static/chunks/webpack.js:371:21)
    at  (webpack-internal:///(app-pages-browser)/./node_modules/next/dist/client/app-next-dev.js:9:44)
    at appBootstrap/< (webpack-internal:///(app-pages-browser)/./node_modules/next/dist/client/app-bootstrap.js:57:9)
    at loadScriptsInSequence (webpack-internal:///(app-pages-browser)/./node_modules/next/dist/client/app-bootstrap.js:23:16)
    at appBootstrap (webpack-internal:///(app-pages-browser)/./node_modules/next/dist/client/app-bootstrap.js:56:26)
    at  (webpack-internal:///(app-pages-browser)/./node_modules/next/dist/client/app-next-dev.js:8:32)
    at (app-pages-browser)/./node_modules/next/dist/client/app-next-dev.js (http://localhost:3000/_next/static/chunks/main-app.js:266:1)
    at options.factory (http://localhost:3000/_next/static/chunks/webpack.js:715:31)
    at __webpack_require__ (http://localhost:3000/_next/static/chunks/webpack.js:37:33)
    at __webpack_exec__ (http://localhost:3000/_next/static/chunks/main-app.js:2007:61)
    at  (http://localhost:3000/_next/static/chunks/main-app.js:2008:154)
    at webpackJsonpCallback (http://localhost:3000/_next/static/chunks/webpack.js:1387:46)
    at  (http://localhost:3000/_next/static/chunks/main-app.js:9:61)
[   94289ms] ReferenceError: products is not defined
    at  (webpack-internal:///(app-pages-browser)/./src/app/dashboard/products/page.tsx:42:39)
    at (app-pages-browser)/./src/app/dashboard/products/page.tsx (http://localhost:3000/_next/static/chunks/app/dashboard/products/page.js:138:1)
    at options.factory (http://localhost:3000/_next/static/chunks/webpack.js:715:31)
    at __webpack_require__ (http://localhost:3000/_next/static/chunks/webpack.js:37:33)
    at fn (http://localhost:3000/_next/static/chunks/webpack.js:371:21)
    at promise callback* (webpack-internal:///(app-pages-browser)/./node_modules/next/dist/build/webpack/loaders/next-flight-client-entry-loader.js?modules=%7B%22request%22%3A%22%2FUsers%2Fjuan%2FProyectos%2Fautoforge%2Fdashboard%2Fsrc%2Fapp%2Fdashboard%2Fproducts%2Fpage.tsx%22%2C%22ids%22%3A%5B%5D%7D&server=false!:1:40)
    at (app-pages-browser)/./node_modules/next/dist/build/webpack/loaders/next-flight-client-entry-loader.js?modules=%7B%22request%22%3A%22%2FUsers%2Fjuan%2FProyectos%2Fautoforge%2Fdashboard%2Fsrc%2Fapp%2Fdashboard%2Fproducts%2Fpage.tsx%22%2C%22ids%22%3A%5B%5D%7D&server=false! (http://localhost:3000/_next/static/chunks/app/dashboard/products/page.js:17:1)
    at options.factory (http://localhost:3000/_next/static/chunks/webpack.js:715:31)
    at __webpack_require__ (http://localhost:3000/_next/static/chunks/webpack.js:37:33)
    at __webpack_exec__ (http://localhost:3000/_next/static/chunks/app/dashboard/products/page.js:177:61)
    at  (http://localhost:3000/_next/static/chunks/app/dashboard/products/page.js:178:69)
    at __webpack_require__.O (http://localhost:3000/_next/static/chunks/webpack.js:86:23)
    at  (http://localhost:3000/_next/static/chunks/app/dashboard/products/page.js:179:56)
    at webpackJsonpCallback (http://localhost:3000/_next/static/chunks/webpack.js:1387:46)
    at  (http://localhost:3000/_next/static/chunks/app/dashboard/products/page.js:9:61)
[  104263ms] [WARNING] [JavaScript Warning: "The resource at “http://localhost:3000/_next/static/media/e4af272ccee01ff0-s.p.woff2” preloaded with link preload was not used within a few seconds. Make sure all attributes of the preload tag are set correctly." {file: "http://localhost:3000/dashboard/products" line: 0}] @ http://localhost:3000/dashboard/products:0
[  104264ms] [WARNING] [JavaScript Warning: "The resource at “http://localhost:3000/_next/static/css/app/layout.css?v=1770795404856” preloaded with link preload was not used within a few seconds. Make sure all attributes of the preload tag are set correctly." {file: "http://localhost:3000/dashboard/products" line: 0}] @ http://localhost:3000/dashboard/products:0
