[  119782ms] [ERROR] ./src/app/dashboard/page.tsx
Error: 
  x the name `formatTimeAgo` is defined multiple times
    ,-[/Users/juan/Proyectos/autoforge/dashboard/src/app/dashboard/page.tsx:21:1]
 21 |   Shield,
 22 |   Loader2,
 23 | } from "lucide-react";
 24 | import { cn, formatTimeAgo } from "@/lib/utils";
    :              ^^^^^^|^^^^^^
    :                    `-- previous definition of `formatTimeAgo` here
 25 | import type { LucideIcon } from "lucide-react";
 26 | 
 27 | const iconMap: Record<string, LucideIcon> = {
 28 |   DollarSign,
 29 |   Users,
 30 |   ShoppingCart,
 31 |   TrendingUp,
 32 | };
 33 | 
 34 | const activityIconMap: Record<string, LucideIcon> = {
 35 |   ShoppingCart,
 36 |   DollarSign,
 37 |   UserPlus,
 38 |   Package,
 39 |   AlertTriangle,
 40 |   XCircle,
 41 |   CheckCircle,
 42 |   ShoppingBag,
 43 |   Star,
 44 |   Shield,
 45 | };
 46 | 
 47 | const activityColorMap: Record<string, string> = {
 48 |   order: "bg-primary-50 dark:bg-primary-500/10 text-primary-600 dark:text-primary-400",
 49 |   user: "bg-success-50 dark:bg-success-500/10 text-success-600 dark:text-success-400",
 50 |   product: "bg-warning-50 dark:bg-warning-500/10 text-warning-600 dark:text-warning-400",
 51 |   system: "bg-gray-100 dark:bg-gray-800 text-gray-600 dark:text-gray-400",
 52 | };
 53 | 
 54 | const statusColorMap: Record<string, string> = {
 55 |   completed: "bg-success-50 dark:bg-success-500/10 text-success-700 dark:text-success-400",
 56 |   pending: "bg-warning-50 dark:bg-warning-500/10 text-warning-700 dark:text-warning-400",
 57 |   failed: "bg-danger-50 dark:bg-danger-500/10 text-danger-700 dark:text-danger-400",
 58 | };
 59 | 
 60 | function formatTimeAgo(timestamp: string): string {
    :          ^^^^^^|^^^^^^
    :                `-- `formatTimeAgo` redefined here
 61 |   const date = new Date(timestamp);
 62 |   const now = new Date("2024-05-20T12:00:00Z"); // relative to our data
 63 |   const diffMs = now.getTime() - date.getTime();
    `----

Import trace for requested module:
./src/app/dashboard/page.tsx @ webpack-internal:///(app-pages-browser)/./node_modules/next/dist/client/app-index.js:32
[  120758ms] [ERROR] ./src/app/dashboard/page.tsx
Error: 
  x the name `formatTimeAgo` is defined multiple times
    ,-[/Users/juan/Proyectos/autoforge/dashboard/src/app/dashboard/page.tsx:21:1]
 21 |   Shield,
 22 |   Loader2,
 23 | } from "lucide-react";
 24 | import { cn, formatTimeAgo } from "@/lib/utils";
    :              ^^^^^^|^^^^^^
    :                    `-- previous definition of `formatTimeAgo` here
 25 | import type { LucideIcon } from "lucide-react";
 26 | 
 27 | const iconMap: Record<string, LucideIcon> = {
 28 |   DollarSign,
 29 |   Users,
 30 |   ShoppingCart,
 31 |   TrendingUp,
 32 | };
 33 | 
 34 | const activityIconMap: Record<string, LucideIcon> = {
 35 |   ShoppingCart,
 36 |   DollarSign,
 37 |   UserPlus,
 38 |   Package,
 39 |   AlertTriangle,
 40 |   XCircle,
 41 |   CheckCircle,
 42 |   ShoppingBag,
 43 |   Star,
 44 |   Shield,
 45 | };
 46 | 
 47 | const activityColorMap: Record<string, string> = {
 48 |   order: "bg-primary-50 dark:bg-primary-500/10 text-primary-600 dark:text-primary-400",
 49 |   user: "bg-success-50 dark:bg-success-500/10 text-success-600 dark:text-success-400",
 50 |   product: "bg-warning-50 dark:bg-warning-500/10 text-warning-600 dark:text-warning-400",
 51 |   system: "bg-gray-100 dark:bg-gray-800 text-gray-600 dark:text-gray-400",
 52 | };
 53 | 
 54 | const statusColorMap: Record<string, string> = {
 55 |   completed: "bg-success-50 dark:bg-success-500/10 text-success-700 dark:text-success-400",
 56 |   pending: "bg-warning-50 dark:bg-warning-500/10 text-warning-700 dark:text-warning-400",
 57 |   failed: "bg-danger-50 dark:bg-danger-500/10 text-danger-700 dark:text-danger-400",
 58 | };
 59 | 
 60 | function formatTimeAgo(timestamp: string): string {
    :          ^^^^^^|^^^^^^
    :                `-- `formatTimeAgo` redefined here
 61 |   const date = new Date(timestamp);
 62 |   const now = new Date("2024-05-20T12:00:00Z"); // relative to our data
 63 |   const diffMs = now.getTime() - date.getTime();
    `----

Import trace for requested module:
./src/app/dashboard/page.tsx @ webpack-internal:///(app-pages-browser)/./node_modules/next/dist/client/app-index.js:32
