[   24502ms] [ERROR] Warning: In HTML, <button> cannot be a descendant of <button>.
This will cause a hydration error.
button
div
div
div
button
div
div
div
div
div
MessagesPage@webpack-internal:///(app-pages-browser)/./src/app/dashboard/messages/page.tsx:61:92
ClientPageRoot@webpack-internal:///(app-pages-browser)/./node_modules/next/dist/client/components/client-page.js:14:32
InnerLayoutRouter@webpack-internal:///(app-pages-browser)/./node_modules/next/dist/client/components/layout-router.js:244:18
RedirectErrorBoundary@webpack-internal:///(app-pages-browser)/./node_modules/next/dist/client/components/redirect-boundary.js:74:9
RedirectBoundary@webpack-internal:///(app-pages-browser)/./node_modules/next/dist/client/components/redirect-boundary.js:82:24
NotFoundBoundary@webpack-internal:///(app-pages-browser)/./node_modules/next/dist/client/components/not-found-boundary.js:84:62
LoadingBoundary@webpack-internal:///(app-pages-browser)/./node_modules/next/dist/client/components/layout-router.js:349:76
ErrorBoundary@webpack-internal:///(app-pages-browser)/./node_modules/next/dist/client/components/error-boundary.js:160:67
InnerScrollAndFocusHandler@webpack-internal:///(app-pages-browser)/./node_modules/next/dist/client/components/layout-router.js:153:9
ScrollAndFocusHandler@webpack-internal:///(app-pages-browser)/./node_modules/next/dist/client/components/layout-router.js:228:37
RenderFromTemplateContext@webpack-internal:///(app-pages-browser)/./node_modules/next/dist/client/components/render-from-template-context.js:16:44
OuterLayoutRouter@webpack-internal:///(app-pages-browser)/./node_modules/next/dist/client/components/layout-router.js:370:149
InnerLayoutRouter@webpack-internal:///(app-pages-browser)/./node_modules/next/dist/client/components/layout-router.js:244:18
RedirectErrorBoundary@webpack-internal:///(app-pages-browser)/./node_modules/next/dist/client/components/redirect-boundary.js:74:9
RedirectBoundary@webpack-internal:///(app-pages-browser)/./node_modules/next/dist/client/components/redirect-boundary.js:82:24
NotFoundBoundary@webpack-internal:///(app-pages-browser)/./node_modules/next/dist/client/components/not-found-boundary.js:84:62
LoadingBoundary@webpack-internal:///(app-pages-browser)/./node_modules/next/dist/client/components/layout-router.js:349:76
ErrorBoundary@webpack-internal:///(app-pages-browser)/./node_modules/next/dist/client/components/error-boundary.js:160:67
InnerScrollAndFocusHandler@webpack-internal:///(app-pages-browser)/./node_modules/next/dist/client/components/layout-router.js:153:9
ScrollAndFocusHandler@webpack-internal:///(app-pages-browser)/./node_modules/next/dist/client/components/layout-router.js:228:37
RenderFromTemplateContext@webpack-internal:///(app-pages-browser)/./node_modules/next/dist/client/components/render-from-template-context.js:16:44
OuterLayoutRouter@webpack-internal:///(app-pages-browser)/./node_modules/next/dist/client/components/layout-router.js:370:149
main
div
DashboardLayout@webpack-internal:///(app-pages-browser)/./src/app/dashboard/layout.tsx:18:24
InnerLayoutRouter@webpack-internal:///(app-pages-browser)/./node_modules/next/dist/client/components/layout-router.js:244:18
RedirectErrorBoundary@webpack-internal:///(app-pages-browser)/./node_modules/next/dist/client/components/redirect-boundary.js:74:9
RedirectBoundary@webpack-internal:///(app-pages-browser)/./node_modules/next/dist/client/components/redirect-boundary.js:82:24
NotFoundErrorBoundary@webpack-internal:///(app-pages-browser)/./node_modules/next/dist/client/components/not-found-boundary.js:76:9
NotFoundBoundary@webpack-internal:///(app-pages-browser)/./node_modules/next/dist/client/components/not-found-boundary.js:84:62
LoadingBoundary@webpack-internal:///(app-pages-browser)/./node_modules/next/dist/client/components/layout-router.js:349:76
ErrorBoundaryHandler@webpack-internal:///(app-pages-browser)/./node_modules/next/dist/client/components/error-boundary.js:113:9
ErrorBoundary@webpack-internal:///(app-pages-browser)/./node_modules/next/dist/client/components/error-boundary.js:160:67
InnerScrollAndFocusHandler@webpack-internal:///(app-pages-browser)/./node_modules/next/dist/client/components/layout-router.js:153:9
ScrollAndFocusHandler@webpack-internal:///(app-pages-browser)/./node_modules/next/dist/client/components/layout-router.js:228:37
RenderFromTemplateContext@webpack-internal:///(app-pages-browser)/./node_modules/next/dist/client/components/render-from-template-context.js:16:44
OuterLayoutRouter@webpack-internal:///(app-pages-browser)/./node_modules/next/dist/client/components/layout-router.js:370:149
AuthProvider@webpack-internal:///(app-pages-browser)/./src/contexts/AuthContext.tsx:26:24
ThemeProvider@webpack-internal:///(app-pages-browser)/./src/contexts/ThemeContext.tsx:14:24
body
html
RootLayout (Server)
RedirectErrorBoundary@webpack-internal:///(app-pages-browser)/./node_modules/next/dist/client/components/redirect-boundary.js:74:9
RedirectBoundary@webpack-internal:///(app-pages-browser)/./node_modules/next/dist/client/components/redirect-boundary.js:82:24
NotFoundErrorBoundary@webpack-internal:///(app-pages-browser)/./node_modules/next/dist/client/components/not-found-boundary.js:76:9
NotFoundBoundary@webpack-internal:///(app-pages-browser)/./node_modules/next/dist/client/components/not-found-boundary.js:84:62
DevRootNotFoundBoundary@webpack-internal:///(app-pages-browser)/./node_modules/next/dist/client/components/dev-root-not-found-boundary.js:33:24
ReactDevOverlay@webpack-internal:///(app-pages-browser)/./node_modules/next/dist/client/components/react-dev-overlay/app/ReactDevOverlay.js:87:9
HotReload@webpack-internal:///(app-pages-browser)/./node_modules/next/dist/client/components/react-dev-overlay/app/hot-reloader-client.js:321:37
Router@webpack-internal:///(app-pages-browser)/./node_modules/next/dist/client/components/app-router.js:207:123
ErrorBoundaryHandler@webpack-internal:///(app-pages-browser)/./node_modules/next/dist/client/components/error-boundary.js:113:9
ErrorBoundary@webpack-internal:///(app-pages-browser)/./node_modules/next/dist/client/components/error-boundary.js:160:67
AppRouter@webpack-internal:///(app-pages-browser)/./node_modules/next/dist/client/components/app-router.js:585:47
ServerRoot@webpack-internal:///(app-pages-browser)/./node_modules/next/dist/client/app-index.js:112:27
Root@webpack-internal:///(app-pages-browser)/./node_modules/next/dist/client/app-index.js:117:24 @ webpack-internal:///(app-pages-browser)/./node_modules/next/dist/client/app-index.js:32
[   36571ms] [ERROR] ./src/app/dashboard/messages/page.tsx
Error: 
  x Unexpected token `div`. Expected jsx identifier
     ,-[/Users/juan/Proyectos/autoforge/dashboard/src/app/dashboard/messages/page.tsx:122:1]
 122 |   ).length;
 123 | 
 124 |   return (
 125 |     <div className="p-4 sm:p-6">
     :      ^^^
 126 |       {/* Page header */}
 127 |       <div className="mb-4 sm:mb-6">
 128 |         <h1 className="text-2xl font-bold tracking-tight text-gray-900 dark:text-gray-100">
     `----

Caused by:
    Syntax Error

Import trace for requested module:
./src/app/dashboard/messages/page.tsx @ webpack-internal:///(app-pages-browser)/./node_modules/next/dist/client/app-index.js:32
[   36636ms] [ERROR] ./src/app/dashboard/messages/page.tsx
Error: 
  x Unexpected token `div`. Expected jsx identifier
     ,-[/Users/juan/Proyectos/autoforge/dashboard/src/app/dashboard/messages/page.tsx:122:1]
 122 |   ).length;
 123 | 
 124 |   return (
 125 |     <div className="p-4 sm:p-6">
     :      ^^^
 126 |       {/* Page header */}
 127 |       <div className="mb-4 sm:mb-6">
 128 |         <h1 className="text-2xl font-bold tracking-tight text-gray-900 dark:text-gray-100">
     `----

Caused by:
    Syntax Error

Import trace for requested module:
./src/app/dashboard/messages/page.tsx @ webpack-internal:///(app-pages-browser)/./node_modules/next/dist/client/app-index.js:32
[   37767ms] [ERROR] ./src/app/dashboard/messages/page.tsx
Error: 
  x Unexpected token `div`. Expected jsx identifier
     ,-[/Users/juan/Proyectos/autoforge/dashboard/src/app/dashboard/messages/page.tsx:122:1]
 122 |   ).length;
 123 | 
 124 |   return (
 125 |     <div className="p-4 sm:p-6">
     :      ^^^
 126 |       {/* Page header */}
 127 |       <div className="mb-4 sm:mb-6">
 128 |         <h1 className="text-2xl font-bold tracking-tight text-gray-900 dark:text-gray-100">
     `----

Caused by:
    Syntax Error

Import trace for requested module:
./src/app/dashboard/messages/page.tsx @ webpack-internal:///(app-pages-browser)/./node_modules/next/dist/client/app-index.js:32
[   37988ms] [ERROR] ./src/app/dashboard/messages/page.tsx
Error: 
  x Unexpected token `div`. Expected jsx identifier
     ,-[/Users/juan/Proyectos/autoforge/dashboard/src/app/dashboard/messages/page.tsx:122:1]
 122 |   ).length;
 123 | 
 124 |   return (
 125 |     <div className="p-4 sm:p-6">
     :      ^^^
 126 |       {/* Page header */}
 127 |       <div className="mb-4 sm:mb-6">
 128 |         <h1 className="text-2xl font-bold tracking-tight text-gray-900 dark:text-gray-100">
     `----

Caused by:
    Syntax Error @ webpack-internal:///./node_modules/next/dist/client/components/react-dev-overlay/internal/helpers/hydration-error-info.js:62
[   37990ms] ModuleBuildError: Module build failed (from ./node_modules/next/dist/build/webpack/loaders/next-swc-loader.js):
Error: 
  x Unexpected token `div`. Expected jsx identifier
     ,-[/Users/juan/Proyectos/autoforge/dashboard/src/app/dashboard/messages/page.tsx:122:1]
 122 |   ).length;
 123 | 
 124 |   return (
 125 |     <div className="p-4 sm:p-6">
     :      ^^^
 126 |       {/* Page header */}
 127 |       <div className="mb-4 sm:mb-6">
 128 |         <h1 className="text-2xl font-bold tracking-tight text-gray-900 dark:text-gray-100">
     `----


Caused by:
    Syntax Error
    at getServerError (webpack-internal:///./node_modules/next/dist/client/components/react-dev-overlay/internal/helpers/nodeStackFrames.js:38:15)
    at hydrate/< (webpack-internal:///./node_modules/next/dist/client/index.js:627:27)
    at setTimeout handler*hydrate (webpack-internal:///./node_modules/next/dist/client/index.js:615:27)
    at async*pageBootrap (webpack-internal:///./node_modules/next/dist/client/page-bootstrap.js:27:26)
    at  (webpack-internal:///./node_modules/next/dist/client/next-dev.js:25:43)
    at promise callback* (webpack-internal:///./node_modules/next/dist/client/next-dev.js:23:4)
    at ./node_modules/next/dist/client/next-dev.js (http://localhost:3000/_next/static/chunks/fallback/main.js:820:1)
    at options.factory (http://localhost:3000/_next/static/chunks/fallback/webpack.js:647:31)
    at __webpack_require__ (http://localhost:3000/_next/static/chunks/fallback/webpack.js:37:33)
    at __webpack_exec__ (http://localhost:3000/_next/static/chunks/fallback/main.js:1975:61)
    at  (http://localhost:3000/_next/static/chunks/fallback/main.js:1976:53)
    at webpackJsonpCallback (http://localhost:3000/_next/static/chunks/fallback/webpack.js:1195:46)
    at  (http://localhost:3000/_next/static/chunks/fallback/main.js:9:61)
[   40201ms] [WARNING] [Fast Refresh] performing full reload

Fast Refresh will perform a full reload when you edit a file that's imported by modules outside of the React rendering tree.
You might have a file which exports a React component but also exports a value that is imported by a non-React component file.
Consider migrating the non-React component export to a separate file and importing it into both files.

It is also possible the parent component of the component you edited is a class component, which disables Fast Refresh.
Fast Refresh requires at least one parent function component in your React tree. @ webpack-internal:///./node_modules/next/dist/client/components/react-dev-overlay/pages/hot-reloader-client.js:347
